{"C:\\Users\\vitor\\OneDrive\\Documentos\\GC\\lab03_01\\hello_world.ts": {"path":"C:\\Users\\vitor\\OneDrive\\Documentos\\GC\\lab03_01\\hello_world.ts","statementMap":{"0":{"start":{"line":4,"column":0},"end":{"line":4,"column":16}},"1":{"start":{"line":1,"column":17},"end":{"line":1,"column":24}},"2":{"start":{"line":5,"column":3},"end":{"line":7,"column":4}},"3":{"start":{"line":6,"column":7},"end":{"line":6,"column":31}},"4":{"start":{"line":8,"column":3},"end":{"line":8,"column":28}}},"fnMap":{"0":{"name":"hello","decl":{"start":{"line":4,"column":16},"end":{"line":4,"column":21}},"loc":{"start":{"line":4,"column":46},"end":{"line":9,"column":1}}}},"branchMap":{"0":{"loc":{"start":{"line":4,"column":22},"end":{"line":4,"column":46}},"type":"default-arg","locations":[{"start":{"line":4,"column":38},"end":{"line":4,"column":46}}]},"1":{"loc":{"start":{"line":5,"column":3},"end":{"line":7,"column":4}},"type":"if","locations":[{"start":{"line":5,"column":3},"end":{"line":7,"column":4}}]}},"s":{"0":1,"1":1,"2":1,"3":0,"4":1},"f":{"0":1},"b":{"0":[1],"1":[0]}}
}
